QuestaSim-64 vlog 2021.1 Compiler 2021.01 Jan 19 2021
Start time: 18:49:24 on Jun 27,2024
vlog AES_Pack.svh AES_Top.sv "+cover" -l comp.log 
-- Compiling package AES_Pack
-- Importing package mtiUvm.uvm_pkg (uvm-1.1d Built-in)
** Note: (vlog-2286) AES_Pack.svh(3): Using implicit +incdir+D:/Programes/uvm-1.1d/../verilog_src/uvm-1.1d/src from import uvm_pkg
-- Compiling interface AES_IF
-- Compiling module keyExpansion
-- Compiling module sbox
-- Compiling module subBytes
-- Compiling module shiftRows
-- Compiling module addRoundKey
-- Compiling module mixColumns
-- Compiling module encryptRound
-- Compiling module AES_Encrypt
-- Compiling module AES_Top
-- Importing package AES_Pack

Top level modules:
	AES_Top
End time: 18:49:24 on Jun 27,2024, Elapsed time: 0:00:00
Errors: 0, Warnings: 0
